Fri Jul 20 2018 12:40:43 GMT-0700 (Pacific Daylight Time): GET /
Fri Jul 20 2018 12:40:51 GMT-0700 (Pacific Daylight Time): GET /about
Fri Jul 20 2018 12:40:52 GMT-0700 (Pacific Daylight Time): GET /
Fri Jul 20 2018 12:44:06 GMT-0700 (Pacific Daylight Time): GET /
Fri Jul 20 2018 12:44:16 GMT-0700 (Pacific Daylight Time): GET /help
Fri Jul 20 2018 12:44:19 GMT-0700 (Pacific Daylight Time): GET /about
Fri Jul 20 2018 12:44:22 GMT-0700 (Pacific Daylight Time): GET /about.html
Sat Jul 21 2018 12:21:19 GMT-0700 (PDT): GET /
Sat Jul 21 2018 12:36:40 GMT-0700 (PDT): GET /
Sat Jul 21 2018 12:57:21 GMT-0700 (PDT): GET /
Sat Jul 21 2018 12:58:01 GMT-0700 (PDT): GET /
Sat Jul 21 2018 13:00:13 GMT-0700 (PDT): GET /
Sat Jul 21 2018 13:00:17 GMT-0700 (PDT): GET /
Sat Jul 21 2018 13:00:34 GMT-0700 (PDT): GET /
Sat Jul 21 2018 13:00:35 GMT-0700 (PDT): GET /
Sat Jul 21 2018 13:00:46 GMT-0700 (PDT): GET /
Sat Jul 21 2018 13:00:50 GMT-0700 (PDT): GET /
Sat Jul 21 2018 13:00:53 GMT-0700 (PDT): GET /
Sat Jul 21 2018 13:00:59 GMT-0700 (PDT): GET /
Sat Jul 21 2018 13:01:10 GMT-0700 (PDT): GET /
Sat Jul 21 2018 13:01:19 GMT-0700 (PDT): GET /
Sat Jul 21 2018 13:01:26 GMT-0700 (PDT): GET /
Sat Jul 21 2018 13:01:40 GMT-0700 (PDT): GET /
Sat Jul 21 2018 13:01:48 GMT-0700 (PDT): GET /
Sat Jul 21 2018 13:01:55 GMT-0700 (PDT): GET /
Sat Jul 21 2018 13:02:02 GMT-0700 (PDT): GET /
Sat Jul 21 2018 13:02:14 GMT-0700 (PDT): GET /
Sat Jul 21 2018 13:02:16 GMT-0700 (PDT): GET /
Sat Jul 21 2018 13:02:35 GMT-0700 (PDT): GET /
Sat Jul 21 2018 13:02:36 GMT-0700 (PDT): GET /
Sat Jul 21 2018 13:02:46 GMT-0700 (PDT): GET /
Sat Jul 21 2018 13:02:52 GMT-0700 (PDT): GET /
Sat Jul 21 2018 13:02:54 GMT-0700 (PDT): GET /
Sat Jul 21 2018 13:02:56 GMT-0700 (PDT): GET /
Sat Jul 21 2018 13:02:59 GMT-0700 (PDT): GET /
Sat Jul 21 2018 13:03:06 GMT-0700 (PDT): GET /
Sat Jul 21 2018 13:03:17 GMT-0700 (PDT): GET /
Sat Jul 21 2018 13:03:26 GMT-0700 (PDT): GET /
Sat Jul 21 2018 13:03:29 GMT-0700 (PDT): GET /
Sat Jul 21 2018 13:03:41 GMT-0700 (PDT): GET /
Sat Jul 21 2018 13:03:52 GMT-0700 (PDT): GET /
Sat Jul 21 2018 13:03:55 GMT-0700 (PDT): GET /
Sat Jul 21 2018 13:04:18 GMT-0700 (PDT): GET /
Sat Jul 21 2018 13:04:36 GMT-0700 (PDT): GET /
Sat Jul 21 2018 13:04:40 GMT-0700 (PDT): GET /
Sat Jul 21 2018 13:05:48 GMT-0700 (PDT): GET /
Sat Jul 21 2018 13:05:49 GMT-0700 (PDT): GET /
Sat Jul 21 2018 13:05:52 GMT-0700 (PDT): GET /
Sat Jul 21 2018 13:14:33 GMT-0700 (PDT): GET /
